<?xml version="1.0" encoding="UTF-8"?>
<!-- Generated by org.testng.reporters.JUnitXMLReporter -->
<testsuite hostname="WKWIN7028371" ignored="0" name="desktop_browsers_chrome_desktop" tests="2" failures="1" timestamp="2021-03-27T00:57:52 IST" time="74.844" errors="0">
  <testcase name="runScenario" time="47.186" classname="cucumber.api.testng.AbstractTestNGCucumberTests"/>
  <testcase name="runScenario" time="23.745" classname="cucumber.api.testng.AbstractTestNGCucumberTests">
    <failure type="java.lang.AssertionError" message="-- Invalid credentials should be displayed -- did not expect to find [true] but found [false]">
      <![CDATA[java.lang.AssertionError: -- Invalid credentials should be displayed -- did not expect to find [true] but found [false]
at com.payoneer.cloud.box.steps.SignInPageStepDefs.verify_invalid_cred_message(SignInPageStepDefs.java:61)
at âœ½.I verify user gets invalid credential message(src/test/resources/features/01_Login.feature:18)
... Removed 3 stack frames]]>
    </failure>
  </testcase> <!-- runScenario -->
</testsuite> <!-- desktop_browsers_chrome_desktop -->
